This is pdfTeX, Version 3.141592653-2.6-1.40.24 (MiKTeX 21.12) (preloaded format=pdflatex 2021.12.7)  6 APR 2022 22:12
entering extended mode
 restricted \write18 enabled.
 %&-line parsing enabled.
**./Rapport.tex
(Rapport.tex
LaTeX2e <2021-11-15>
L3 programming layer <2021-11-22> (C:\MiKTeX\tex/latex/base\report.cls
Document Class: report 2021/10/04 v1.4n Standard LaTeX document class
(C:\MiKTeX\tex/latex/base\size12.clo
File: size12.clo 2021/10/04 v1.4n Standard LaTeX file (size option)
)
\c@part=\count183
\c@chapter=\count184
\c@section=\count185
\c@subsection=\count186
\c@subsubsection=\count187
\c@paragraph=\count188
\c@subparagraph=\count189
\c@figure=\count190
\c@table=\count191
\abovecaptionskip=\skip47
\belowcaptionskip=\skip48
\bibindent=\dimen138
) (C:\MiKTeX\tex/latex/base\inputenc.sty
Package: inputenc 2021/02/14 v1.3d Input encoding file
\inpenc@prehook=\toks16
\inpenc@posthook=\toks17
)
(C:\MiKTeX\tex/latex/base\fontenc.sty
Package: fontenc 2021/04/29 v2.0v Standard LaTeX package
)
(C:\MiKTeX\tex/latex/geometry\geometry.sty
Package: geometry 2020/01/02 v5.9 Page Geometry

(C:\MiKTeX\tex/latex/graphics\keyval.sty
Package: keyval 2014/10/28 v1.15 key=value parser (DPC)
\KV@toks@=\toks18
)
(C:\MiKTeX\tex/generic/iftex\ifvtex.sty
Package: ifvtex 2019/10/25 v1.7 ifvtex legacy package. Use iftex instead.
 (C:\MiKTeX\tex/generic/iftex\iftex.sty
Package: iftex 2020/03/06 v1.0d TeX engine tests
))
\Gm@cnth=\count192
\Gm@cntv=\count193
\c@Gm@tempcnt=\count194
\Gm@bindingoffset=\dimen139
\Gm@wd@mp=\dimen140
\Gm@odd@mp=\dimen141
\Gm@even@mp=\dimen142
\Gm@layoutwidth=\dimen143
\Gm@layoutheight=\dimen144
\Gm@layouthoffset=\dimen145
\Gm@layoutvoffset=\dimen146
\Gm@dimlist=\toks19
 (C:\MiKTeX\tex/latex/geometry\geometry.cfg))
(C:\MiKTeX\tex/generic/babel\babel.sty
Package: babel 2021/11/29 3.67 The Babel package
\babel@savecnt=\count195
\U@D=\dimen147
\l@unhyphenated=\language79

(C:\MiKTeX\tex/generic/babel\txtbabel.def)
\bbl@readstream=\read2
\bbl@dirlevel=\count196

*************************************
* Local config file bblopts.cfg used
*
(C:\MiKTeX\tex/latex/arabi\bblopts.cfg
File: bblopts.cfg 2005/09/08 v0.1 add Arabic and Farsi to "declared" options of
 babel
)
(C:\MiKTeX\tex/generic/babel-french\french.ldf
Language: french 2021/07/20 v3.5m French support from the babel system
Package babel Info: Hyphen rules for 'acadian' set to \l@french
(babel)             (\language22). Reported on input line 91.
Package babel Info: Hyphen rules for 'canadien' set to \l@french
(babel)             (\language22). Reported on input line 92.
\FB@nonchar=\count197
Package babel Info: Making : an active character on input line 430.
Package babel Info: Making ; an active character on input line 431.
Package babel Info: Making ! an active character on input line 432.
Package babel Info: Making ? an active character on input line 433.
\FBguill@level=\count198
\FBold@everypar=\toks20
\FB@Mht=\dimen148
\mc@charclass=\count199
\mc@charfam=\count266
\mc@charslot=\count267
\std@mcc=\count268
\dec@mcc=\count269
\listindentFB=\dimen149
\descindentFB=\dimen150
\labelindentFB=\dimen151
\labelwidthFB=\dimen152
\leftmarginFB=\dimen153
\parindentFFN=\dimen154
\FBfnindent=\dimen155
))
(C:\MiKTeX\tex/latex/carlisle\scalefnt.sty)
(C:\MiKTeX\tex/latex/libertine\libertine.sty
Package: libertine 2020/03/26 (Bob Tennent) Supports Libertine and Biolinum fon
ts for all LaTeX engines.

(C:\MiKTeX\tex/generic/iftex\ifxetex.sty
Package: ifxetex 2019/10/25 v0.7 ifxetex legacy package. Use iftex instead.
)
(C:\MiKTeX\tex/generic/iftex\ifluatex.sty
Package: ifluatex 2019/10/25 v1.5 ifluatex legacy package. Use iftex instead.
)
(C:\MiKTeX\tex/latex/xkeyval\xkeyval.sty
Package: xkeyval 2020/11/20 v2.8 package option processing (HA)

(C:\MiKTeX\tex/generic/xkeyval\xkeyval.tex
(C:\MiKTeX\tex/generic/xkeyval\xkvutils.tex
\XKV@toks=\toks21
\XKV@tempa@toks=\toks22
)
\XKV@depth=\count270
File: xkeyval.tex 2014/12/03 v2.7a key=value parser (HA)
))
(C:\MiKTeX\tex/latex/base\textcomp.sty
Package: textcomp 2020/02/02 v2.0n Standard LaTeX package
) (C:\MiKTeX\tex/latex/base\fontenc.sty
Package: fontenc 2021/04/29 v2.0v Standard LaTeX package
)
(C:\MiKTeX\tex/latex/fontaxes\fontaxes.sty
Package: fontaxes 2020/07/21 v1.0e Font selection axes
LaTeX Info: Redefining \upshape on input line 29.
LaTeX Info: Redefining \itshape on input line 31.
LaTeX Info: Redefining \slshape on input line 33.
LaTeX Info: Redefining \swshape on input line 35.
LaTeX Info: Redefining \scshape on input line 37.
LaTeX Info: Redefining \sscshape on input line 39.
LaTeX Info: Redefining \ulcshape on input line 41.
LaTeX Info: Redefining \textsw on input line 47.
LaTeX Info: Redefining \textssc on input line 48.
LaTeX Info: Redefining \textulc on input line 49.
)
LaTeX Info: Redefining \oldstylenums on input line 484.

(C:\MiKTeX\tex/latex/libertine\LinLibertine_I.tex))
(C:\MiKTeX\tex/latex/graphics\graphicx.sty
Package: graphicx 2021/09/16 v1.2d Enhanced LaTeX Graphics (DPC,SPQR)

(C:\MiKTeX\tex/latex/graphics\graphics.sty
Package: graphics 2021/03/04 v1.4d Standard LaTeX Graphics (DPC,SPQR)

(C:\MiKTeX\tex/latex/graphics\trig.sty
Package: trig 2021/08/11 v1.11 sin cos tan (DPC)
)
(C:\MiKTeX\tex/latex/graphics-cfg\graphics.cfg
File: graphics.cfg 2016/06/04 v1.11 sample graphics configuration
)
Package graphics Info: Driver file: pdftex.def on input line 107.

(C:\MiKTeX\tex/latex/graphics-def\pdftex.def
File: pdftex.def 2020/10/05 v1.2a Graphics/color driver for pdftex
))
\Gin@req@height=\dimen156
\Gin@req@width=\dimen157
)
(C:\MiKTeX\tex/latex/lipsum\lipsum.sty
(C:\MiKTeX\tex/latex/l3packages/l3keys2e\l3keys2e.sty
(C:\MiKTeX\tex/latex/l3kernel\expl3.sty
Package: expl3 2021-11-22 L3 programming layer (loader) 

(C:\MiKTeX\tex/latex/l3backend\l3backend-pdftex.def
File: l3backend-pdftex.def 2021-10-18 L3 backend support: PDF output (pdfTeX)
\l__color_backend_stack_int=\count271
\l__pdf_internal_box=\box50
))
Package: l3keys2e 2021-11-12 LaTeX2e option processing using LaTeX3 keys
)
Package: lipsum 2021-09-20 v2.7 150 paragraphs of Lorem Ipsum dummy text
\g__lipsum_par_int=\count272
\l__lipsum_a_int=\count273
\l__lipsum_b_int=\count274

(C:\MiKTeX\tex/latex/lipsum\lipsum.ltd.tex))
(C:\MiKTeX\tex/latex/hyperref\hyperref.sty
Package: hyperref 2021-06-07 v7.00m Hypertext links for LaTeX

(C:\MiKTeX\tex/generic/ltxcmds\ltxcmds.sty
Package: ltxcmds 2020-05-10 v1.25 LaTeX kernel commands for general use (HO)
)
(C:\MiKTeX\tex/generic/pdftexcmds\pdftexcmds.sty
Package: pdftexcmds 2020-06-27 v0.33 Utility functions of pdfTeX for LuaTeX (HO
)

(C:\MiKTeX\tex/generic/infwarerr\infwarerr.sty
Package: infwarerr 2019/12/03 v1.5 Providing info/warning/error messages (HO)
)
Package pdftexcmds Info: \pdf@primitive is available.
Package pdftexcmds Info: \pdf@ifprimitive is available.
Package pdftexcmds Info: \pdfdraftmode found.
)
(C:\MiKTeX\tex/generic/kvsetkeys\kvsetkeys.sty
Package: kvsetkeys 2019/12/15 v1.18 Key value parser (HO)
)
(C:\MiKTeX\tex/generic/kvdefinekeys\kvdefinekeys.sty
Package: kvdefinekeys 2019-12-19 v1.6 Define keys (HO)
)
(C:\MiKTeX\tex/generic/pdfescape\pdfescape.sty
Package: pdfescape 2019/12/09 v1.15 Implements pdfTeX's escape features (HO)
)
(C:\MiKTeX\tex/latex/hycolor\hycolor.sty
Package: hycolor 2020-01-27 v1.10 Color options for hyperref/bookmark (HO)
)
(C:\MiKTeX\tex/latex/letltxmacro\letltxmacro.sty
Package: letltxmacro 2019/12/03 v1.6 Let assignment for LaTeX macros (HO)
)
(C:\MiKTeX\tex/latex/auxhook\auxhook.sty
Package: auxhook 2019-12-17 v1.6 Hooks for auxiliary files (HO)
)
(C:\MiKTeX\tex/latex/kvoptions\kvoptions.sty
Package: kvoptions 2020-10-07 v3.14 Key value format for package options (HO)
)
\@linkdim=\dimen158
\Hy@linkcounter=\count275
\Hy@pagecounter=\count276

(C:\MiKTeX\tex/latex/hyperref\pd1enc.def
File: pd1enc.def 2021-06-07 v7.00m Hyperref: PDFDocEncoding definition (HO)
Now handling font encoding PD1 ...
... no UTF-8 mapping file for font encoding PD1
)
(C:\MiKTeX\tex/latex/hyperref\hyperref-langpatches.def
File: hyperref-langpatches.def 2021-06-07 v7.00m Hyperref: patches for babel la
nguages
)
(C:\MiKTeX\tex/generic/intcalc\intcalc.sty
Package: intcalc 2019/12/15 v1.3 Expandable calculations with integers (HO)
)
(C:\MiKTeX\tex/generic/etexcmds\etexcmds.sty
Package: etexcmds 2019/12/15 v1.7 Avoid name clashes with e-TeX commands (HO)
)
\Hy@SavedSpaceFactor=\count277

(C:\MiKTeX\tex/latex/hyperref\puenc.def
File: puenc.def 2021-06-07 v7.00m Hyperref: PDF Unicode definition (HO)
Now handling font encoding PU ...
... no UTF-8 mapping file for font encoding PU
)
Package hyperref Info: Option `colorlinks' set `true' on input line 4073.
Package hyperref Info: Hyper figures OFF on input line 4192.
Package hyperref Info: Link nesting OFF on input line 4197.
Package hyperref Info: Hyper index ON on input line 4200.
Package hyperref Info: Plain pages OFF on input line 4207.
Package hyperref Info: Backreferencing OFF on input line 4212.
Package hyperref Info: Implicit mode ON; LaTeX internals redefined.
Package hyperref Info: Bookmarks ON on input line 4445.
\c@Hy@tempcnt=\count278
 (C:\MiKTeX\tex/latex/url\url.sty
\Urlmuskip=\muskip16
Package: url 2013/09/16  ver 3.4  Verb mode for urls, etc.
)
LaTeX Info: Redefining \url on input line 4804.
\XeTeXLinkMargin=\dimen159

(C:\MiKTeX\tex/generic/bitset\bitset.sty
Package: bitset 2019/12/09 v1.3 Handle bit-vector datatype (HO)

(C:\MiKTeX\tex/generic/bigintcalc\bigintcalc.sty
Package: bigintcalc 2019/12/15 v1.5 Expandable calculations on big integers (HO
)
))
\Fld@menulength=\count279
\Field@Width=\dimen160
\Fld@charsize=\dimen161
Package hyperref Info: Hyper figures OFF on input line 6076.
Package hyperref Info: Link nesting OFF on input line 6081.
Package hyperref Info: Hyper index ON on input line 6084.
Package hyperref Info: backreferencing OFF on input line 6091.
Package hyperref Info: Link coloring ON on input line 6094.
Package hyperref Info: Link coloring with OCG OFF on input line 6101.
Package hyperref Info: PDF/A mode OFF on input line 6106.
LaTeX Info: Redefining \ref on input line 6146.
LaTeX Info: Redefining \pageref on input line 6150.

(C:\MiKTeX\tex/latex/base\atbegshi-ltx.sty
Package: atbegshi-ltx 2021/01/10 v1.0c Emulation of the original atbegshi
package with kernel methods
)
\Hy@abspage=\count280
\c@Item=\count281
\c@Hfootnote=\count282
)
Package hyperref Info: Driver (autodetected): hpdftex.

(C:\MiKTeX\tex/latex/hyperref\hpdftex.def
File: hpdftex.def 2021-06-07 v7.00m Hyperref driver for pdfTeX

(C:\MiKTeX\tex/latex/base\atveryend-ltx.sty
Package: atveryend-ltx 2020/08/19 v1.0a Emulation of the original atveryend pac
kage
with kernel methods
)
\Fld@listcount=\count283
\c@bookmark@seq@number=\count284

(C:\MiKTeX\tex/latex/rerunfilecheck\rerunfilecheck.sty
Package: rerunfilecheck 2019/12/05 v1.9 Rerun checks for auxiliary files (HO)

(C:\MiKTeX\tex/generic/uniquecounter\uniquecounter.sty
Package: uniquecounter 2019/12/15 v1.4 Provide unlimited unique counter (HO)
)
Package uniquecounter Info: New unique counter `rerunfilecheck' on input line 2
86.
)
\Hy@SectionHShift=\skip49
)
LaTeX Font Info:    Trying to load font information for T1+LinuxLibertineT-TLF 
on input line 19.

(C:\MiKTeX\tex/latex/libertine\t1linuxlibertinet-tlf.fd
File: T1LinuxLibertineT-TLF.fd 2017/03/20 (autoinst) Font definitions for T1/Li
nuxLibertineT-TLF.
)
LaTeX Font Info:    Font shape `T1/LinuxLibertineT-TLF/m/n' will be
(Font)              scaled to size 12.0pt on input line 19.
 (Rapport.aux)
\openout1 = `Rapport.aux'.

LaTeX Font Info:    Checking defaults for OML/cmm/m/it on input line 19.
LaTeX Font Info:    ... okay on input line 19.
LaTeX Font Info:    Checking defaults for OMS/cmsy/m/n on input line 19.
LaTeX Font Info:    ... okay on input line 19.
LaTeX Font Info:    Checking defaults for OT1/cmr/m/n on input line 19.
LaTeX Font Info:    ... okay on input line 19.
LaTeX Font Info:    Checking defaults for T1/cmr/m/n on input line 19.
LaTeX Font Info:    ... okay on input line 19.
LaTeX Font Info:    Checking defaults for TS1/cmr/m/n on input line 19.
LaTeX Font Info:    ... okay on input line 19.
LaTeX Font Info:    Checking defaults for OMX/cmex/m/n on input line 19.
LaTeX Font Info:    ... okay on input line 19.
LaTeX Font Info:    Checking defaults for U/cmr/m/n on input line 19.
LaTeX Font Info:    ... okay on input line 19.
LaTeX Font Info:    Checking defaults for PD1/pdf/m/n on input line 19.
LaTeX Font Info:    ... okay on input line 19.
LaTeX Font Info:    Checking defaults for PU/pdf/m/n on input line 19.
LaTeX Font Info:    ... okay on input line 19.

*geometry* driver: auto-detecting
*geometry* detected driver: pdftex
*geometry* verbose mode - [ preamble ] result:
* driver: pdftex
* paper: a4paper
* layout: <same size as paper>
* layoutoffset:(h,v)=(0.0pt,0.0pt)
* modes: 
* h-part:(L,W,R)=(56.9055pt, 483.69687pt, 56.9055pt)
* v-part:(T,H,B)=(56.9055pt, 731.23584pt, 56.9055pt)
* \paperwidth=597.50787pt
* \paperheight=845.04684pt
* \textwidth=483.69687pt
* \textheight=731.23584pt
* \oddsidemargin=-15.36449pt
* \evensidemargin=-15.36449pt
* \topmargin=-52.36449pt
* \headheight=12.0pt
* \headsep=25.0pt
* \topskip=12.0pt
* \footskip=30.0pt
* \marginparwidth=44.0pt
* \marginparsep=10.0pt
* \columnsep=10.0pt
* \skip\footins=10.8pt plus 4.0pt minus 2.0pt
* \hoffset=0.0pt
* \voffset=0.0pt
* \mag=1000
* \@twocolumnfalse
* \@twosidefalse
* \@mparswitchfalse
* \@reversemarginfalse
* (1in=72.27pt=25.4mm, 1cm=28.453pt)

LaTeX Info: Redefining \degres on input line 19.
LaTeX Info: Redefining \up on input line 19.
\c@mv@tabular=\count285
\c@mv@boldtabular=\count286
(C:\MiKTeX\tex/context/base/mkii\supp-pdf.mkii
[Loading MPS to PDF converter (version 2006.09.02).]
\scratchcounter=\count287
\scratchdimen=\dimen162
\scratchbox=\box51
\nofMPsegments=\count288
\nofMParguments=\count289
\everyMPshowfont=\toks23
\MPscratchCnt=\count290
\MPscratchDim=\dimen163
\MPnumerator=\count291
\makeMPintoPDFobject=\count292
\everyMPtoPDFconversion=\toks24
) (C:\MiKTeX\tex/latex/epstopdf-pkg\epstopdf-base.sty
Package: epstopdf-base 2020-01-24 v2.11 Base part for package epstopdf
Package epstopdf-base Info: Redefining graphics rule for `.eps' on input line 4
85.

(C:\MiKTeX\tex/latex/00miktex\epstopdf-sys.cfg
File: epstopdf-sys.cfg 2021/03/18 v2.0 Configuration of epstopdf for MiKTeX
))
(C:\MiKTeX\tex/latex/graphics\color.sty
Package: color 2021/10/11 v1.3b Standard LaTeX Color (DPC)

(C:\MiKTeX\tex/latex/graphics-cfg\color.cfg
File: color.cfg 2016/01/02 v1.6 sample color configuration
)
Package color Info: Driver file: pdftex.def on input line 149.
)
Package hyperref Info: Link coloring ON on input line 19.

(C:\MiKTeX\tex/latex/hyperref\nameref.sty
Package: nameref 2021-04-02 v2.47 Cross-referencing by name of section

(C:\MiKTeX\tex/latex/refcount\refcount.sty
Package: refcount 2019/12/15 v3.6 Data extraction from label references (HO)
)
(C:\MiKTeX\tex/generic/gettitlestring\gettitlestring.sty
Package: gettitlestring 2019/12/15 v1.6 Cleanup title references (HO)
)
\c@section@level=\count293
)
LaTeX Info: Redefining \ref on input line 19.
LaTeX Info: Redefining \pageref on input line 19.
LaTeX Info: Redefining \nameref on input line 19.
 (Rapport.out)
(Rapport.out)
\@outlinefile=\write3
\openout3 = `Rapport.out'.

LaTeX Font Info:    Font shape `T1/LinuxLibertineT-TLF/m/sc' will be
(Font)              scaled to size 12.0pt on input line 29.
LaTeX Font Info:    Font shape `T1/LinuxLibertineT-TLF/m/sc' will be
(Font)              scaled to size 20.74pt on input line 29.
LaTeX Font Info:    Font shape `T1/LinuxLibertineT-TLF/m/sc' will be
(Font)              scaled to size 17.28pt on input line 32.
LaTeX Font Info:    Font shape `T1/LinuxLibertineT-TLF/m/n' will be
(Font)              scaled to size 24.88pt on input line 36.
LaTeX Font Info:    Font shape `T1/LinuxLibertineT-TLF/b/n' will be
(Font)              scaled to size 24.88pt on input line 36.
<uphf.png, id=71, 401.5pt x 162.6075pt>
File: uphf.png Graphic file (type png)
<use uphf.png>
Package pdftex.def Info: uphf.png  used on input line 39.
(pdftex.def)             Requested size: 321.20042pt x 130.08617pt.
<insa.JPG, id=73, 390.45876pt x 144.54pt>
File: insa.JPG Graphic file (type jpg)
<use insa.JPG>
Package pdftex.def Info: insa.JPG  used on input line 41.
(pdftex.def)             Requested size: 390.4578pt x 144.53963pt.
LaTeX Font Info:    Font shape `T1/LinuxLibertineT-TLF/m/n' will be
(Font)              scaled to size 14.4pt on input line 61.
LaTeX Font Info:    Font shape `T1/LinuxLibertineT-TLF/m/sc' will be
(Font)              scaled to size 14.4pt on input line 61.
 [1

{C:/Users/ethan/AppData/Local/MiKTeX/fonts/map/pdftex/pdftex.map} <./uphf.png> 
<./insa.JPG>] (Rapport.toc
LaTeX Font Info:    Font shape `T1/LinuxLibertineT-TLF/b/n' will be
(Font)              scaled to size 12.0pt on input line 2.
LaTeX Font Info:    External font `cmex10' loaded for size
(Font)              <12> on input line 5.
LaTeX Font Info:    External font `cmex10' loaded for size
(Font)              <8> on input line 5.
LaTeX Font Info:    External font `cmex10' loaded for size
(Font)              <6> on input line 5.
)
\tf@toc=\write4
\openout4 = `Rapport.toc'.


pdfTeX warning (ext4): destination with the same identifier (name{page.1}) has 
been already used, duplicate ignored
<to be read again> 
                   \relax 
l.69 \chapter
             {Introduction} [1

]
Chapitre 1.
LaTeX Font Info:    Font shape `T1/LinuxLibertineT-TLF/m/it' will be
(Font)              scaled to size 12.0pt on input line 70.
<etatJeuActuel.png, id=104, 965.85844pt x 567.62062pt>
File: etatJeuActuel.png Graphic file (type png)
<use etatJeuActuel.png>
Package pdftex.def Info: etatJeuActuel.png  used on input line 75.
(pdftex.def)             Requested size: 482.92804pt x 283.8096pt.
[2

 <./etatJeuActuel.png>]
Chapitre 2.
<illustrationOO.png, id=112, 303.38344pt x 286.82156pt>
File: illustrationOO.png Graphic file (type png)
<use illustrationOO.png>
Package pdftex.def Info: illustrationOO.png  used on input line 91.
(pdftex.def)             Requested size: 303.38269pt x 286.82085pt.
[3

 <./illustrationOO.png>]
<illustrationOD.png, id=119, 602.25pt x 451.6875pt>
File: illustrationOD.png Graphic file (type png)
<use illustrationOD.png>
Package pdftex.def Info: illustrationOD.png  used on input line 101.
(pdftex.def)             Requested size: 421.57211pt x 316.17908pt.
 [4 <./illustrationOD.png>]
Chapitre 3.
LaTeX Font Info:    Font shape `T1/LinuxLibertineT-TLF/m/n' will be
(Font)              scaled to size 17.28pt on input line 112.
LaTeX Font Info:    Font shape `T1/LinuxLibertineT-TLF/b/n' will be
(Font)              scaled to size 17.28pt on input line 112.
LaTeX Font Info:    Font shape `T1/LinuxLibertineT-TLF/b/n' will be
(Font)              scaled to size 14.4pt on input line 113.
<Jungle_terrain.png, id=125, 899.36pt x 481.8pt>
File: Jungle_terrain.png Graphic file (type png)
<use Jungle_terrain.png>
Package pdftex.def Info: Jungle_terrain.png  used on input line 132.
(pdftex.def)             Requested size: 269.81007pt x 144.5411pt.
[5

]
<tmxMap.png, id=130, 1148.03906pt x 590.95781pt>
File: tmxMap.png Graphic file (type png)
<use tmxMap.png>
Package pdftex.def Info: tmxMap.png  used on input line 140.
(pdftex.def)             Requested size: 344.41438pt x 177.2887pt.
 [6 <./Jungle_terrain.png> <./tmxMap.png>]
Chapitre 4.
<ganttInit_anot.png, id=140, 871.75688pt x 164.86594pt>
File: ganttInit_anot.png Graphic file (type png)
<use ganttInit_anot.png>
Package pdftex.def Info: ganttInit_anot.png  used on input line 150.
(pdftex.def)             Requested size: 523.05817pt x 98.9203pt.

Overfull \hbox (39.3613pt too wide) in paragraph at lines 150--151
 [][] 
 []

<ganttFinal_anot.png, id=141, 875.52094pt x 151.3153pt>
File: ganttFinal_anot.png Graphic file (type png)
<use ganttFinal_anot.png>
Package pdftex.def Info: ganttFinal_anot.png  used on input line 156.
(pdftex.def)             Requested size: 525.31662pt x 90.78987pt.

Overfull \hbox (41.61975pt too wide) in paragraph at lines 156--157
 [][] 
 []

[7

 <./ganttInit_anot.png> <./ganttFinal_anot.png>]
<entity.png, id=148, 177.66376pt x 18.82031pt>
File: entity.png Graphic file (type png)
<use entity.png>
Package pdftex.def Info: entity.png  used on input line 178.
(pdftex.def)             Requested size: 177.66331pt x 18.82025pt.
<component.png, id=149, 283.0575pt x 249.18094pt>
File: component.png Graphic file (type png)
<use component.png>
Package pdftex.def Info: component.png  used on input line 184.
(pdftex.def)             Requested size: 283.0568pt x 249.18031pt.
 [8 <./entity.png> <./component.png>]
<compArr.png, id=158, 321.45094pt x 124.96687pt>
File: compArr.png Graphic file (type png)
<use compArr.png>
Package pdftex.def Info: compArr.png  used on input line 191.
(pdftex.def)             Requested size: 321.45015pt x 124.96657pt.
<system.png, id=159, 365.11406pt x 129.48375pt>
File: system.png Graphic file (type png)
<use system.png>
Package pdftex.def Info: system.png  used on input line 197.
(pdftex.def)             Requested size: 365.11316pt x 129.48341pt.
 [9 <./compArr.png> <./system.png>]
<umlECS.png, id=168, 1052.93375pt x 699.61375pt>
File: umlECS.png Graphic file (type png)
<use umlECS.png>
Package pdftex.def Info: umlECS.png  used on input line 204.
(pdftex.def)             Requested size: 421.16605pt x 279.84055pt.
<transform.png, id=169, 91.84312pt x 92.59593pt>
File: transform.png Graphic file (type png)
<use transform.png>
Package pdftex.def Info: transform.png  used on input line 218.
(pdftex.def)             Requested size: 169.29684pt x 170.71057pt.
<sprite.png, id=170, 109.1578pt x 104.64093pt>
File: sprite.png Graphic file (type png)
<use sprite.png>
Package pdftex.def Info: sprite.png  used on input line 223.
(pdftex.def)             Requested size: 169.29684pt x 162.29233pt.
<animation.png, id=171, 79.04532pt x 82.80937pt>
File: animation.png Graphic file (type png)
<use animation.png>
Package pdftex.def Info: animation.png  used on input line 236.
(pdftex.def)             Requested size: 169.29684pt x 177.38844pt.
<rigidbody.png, id=172, 97.11281pt x 143.78719pt>
File: rigidbody.png Graphic file (type png)
<use rigidbody.png>
Package pdftex.def Info: rigidbody.png  used on input line 241.
(pdftex.def)             Requested size: 169.29684pt x 250.67256pt.
 [10 <./umlECS.png> <./transform.png>] [11 <./sprite.png> <./animation.png> <./
rigidbody.png>]
<collider.png, id=187, 92.59593pt x 48.93282pt>
File: collider.png Graphic file (type png)
<use collider.png>
Package pdftex.def Info: collider.png  used on input line 254.
(pdftex.def)             Requested size: 169.29684pt x 89.467pt.

Underfull \hbox (badness 10000) in paragraph at lines 248--257

 []

<camera.png, id=188, 108.405pt x 70.01157pt>
File: camera.png Graphic file (type png)
<use camera.png>
Package pdftex.def Info: camera.png  used on input line 260.
(pdftex.def)             Requested size: 162.60709pt x 105.01707pt.

Underfull \hbox (badness 10000) in paragraph at lines 257--264

 []

<inputs.png, id=189, 87.32625pt x 57.96657pt>
File: inputs.png Graphic file (type png)
<use inputs.png>
Package pdftex.def Info: inputs.png  used on input line 267.
(pdftex.def)             Requested size: 130.98904pt x 86.94962pt.
[12 <./collider.png> <./camera.png> <./inputs.png>]
Underfull \hbox (badness 10000) in paragraph at lines 272--274

 []

<inputsys.png, id=200, 714.41907pt x 405.01312pt>
File: inputsys.png Graphic file (type png)
<use inputsys.png>
Package pdftex.def Info: inputsys.png  used on input line 277.
(pdftex.def)             Requested size: 357.20866pt x 202.50606pt.
<inputsys2.png, id=201, 413.29407pt x 130.23656pt>
File: inputsys2.png Graphic file (type png)
<use inputsys2.png>
Package pdftex.def Info: inputsys2.png  used on input line 283.
(pdftex.def)             Requested size: 413.29305pt x 130.23624pt.
[13 <./inputsys.png> <./inputsys2.png>]
<physicsys.png, id=210, 548.80031pt x 235.63031pt>
File: physicsys.png Graphic file (type png)
<use physicsys.png>
Package pdftex.def Info: physicsys.png  used on input line 290.
(pdftex.def)             Requested size: 384.15758pt x 164.94008pt.

Underfull \hbox (badness 10000) in paragraph at lines 287--294

 []

<collisionsys.png, id=211, 637.63219pt x 444.91219pt>
File: collisionsys.png Graphic file (type png)
<use collisionsys.png>
Package pdftex.def Info: collisionsys.png  used on input line 297.
(pdftex.def)             Requested size: 446.3395pt x 311.4364pt.
[14 <./physicsys.png> <./collisionsys.png>]
Chapitre 5.

Underfull \hbox (badness 10000) in paragraph at lines 302--304

 []


Underfull \hbox (badness 10000) in paragraph at lines 304--306

 []

[15

] [16

] (Rapport.aux)
Package rerunfilecheck Info: File `Rapport.out' has not changed.
(rerunfilecheck)             Checksum: 2B6C0AEC72EF1B6FA9D2141392C91639;3333.
 ) 
Here is how much of TeX's memory you used:
 12521 strings out of 478659
 206609 string characters out of 2862405
 598569 words of memory out of 3000000
 30370 multiletter control sequences out of 15000+600000
 470507 words of font info for 61 fonts, out of 8000000 for 9000
 1141 hyphenation exceptions out of 8191
 68i,8n,77p,646b,426s stack positions out of 5000i,500n,10000p,200000b,80000s
{C:/MiKTeX/fonts/enc/dvips/libertine/lbtn_7grukw.enc}{C:/MiKTeX/fonts/enc/dvi
ps/libertine/lbtn_76gpa5.enc}{C:/MiKTeX/fonts/enc/dvips/libertine/lbtn_nh77jq.e
nc}{C:/MiKTeX/fonts/enc/dvips/libertine/lbtn_ncsllp.enc}<C:/MiKTeX/fonts/type1/
public/libertine/LinLibertineT.pfb><C:/MiKTeX/fonts/type1/public/libertine/LinL
ibertineTB.pfb><C:/MiKTeX/fonts/type1/public/libertine/LinLibertineTI.pfb>
Output written on Rapport.pdf (17 pages, 792277 bytes).
PDF statistics:
 271 PDF objects out of 1000 (max. 8388607)
 53 named destinations out of 1000 (max. 500000)
 262 words of extra memory for PDF output out of 10000 (max. 10000000)

